<?xml version="1.0" encoding="UTF-8" ?>
<testsuites name="vitest tests" tests="1" failures="0" errors="0" time="525.466">
    <testsuite name="tests/MyComponent.test.tsx" timestamp="2024-08-26T18:46:33.747Z" hostname="IN-KA-F220DE" tests="1" failures="0" errors="0" skipped="0" time="2.246">
        <testcase classname="tests/MyComponent.test.tsx" name="MyComponent &gt; should eventually display fetched data" time="2.246">
            <system-err>
[31mWarning: An update to MyComponent inside a test was not wrapped in act(...).

When testing, code that causes React state updates should be wrapped into act(...):

act(() =&gt; {
  /* fire events that update state */
});
/* assert on the output */

This ensures that you&apos;re testing the behavior the user would see in the browser. Learn more at https://reactjs.org/link/wrap-tests-with-act
    at MyComponent (/Users/shivangiasthana/Desktop/vitest/vite-project-react-vitest/src/component/MyComponent.tsx:6:49)[39m

            </system-err>
        </testcase>
    </testsuite>
</testsuites>
