<?xml version="1.0" encoding="UTF-8" ?>
<testsuites name="vitest tests" tests="2" failures="0" errors="0" time="345.507">
    <testsuite name="tests/UserList.test.tsx" timestamp="2024-08-23T12:51:19.605Z" hostname="IN-KA-F220DE" tests="2" failures="0" errors="0" skipped="0" time="0.056">
        <testcase classname="tests/UserList.test.tsx" name="UserList &gt; should display users from the API" time="0.04">
        </testcase>
        <testcase classname="tests/UserList.test.tsx" name="UserList &gt; should display error message when API request fails" time="0.014">
        </testcase>
    </testsuite>
</testsuites>
